Subject
Subject
StartDate
!StartDate
StartTime
!StartTime
MSN
MSN
Group
Group
Box
Box
Comment
Comment
TotalPellet
A(0)
LeftLeverPellet
A(1)
RightLeverPellet
B(1)
PavPellet
A(2)
Session Sec
T(0)
Min Timer
T(1)
TotalLeftLP
W(0)
LLP1
W(1)
LLP2
W(2)
LLP3
W(3)
LLP4
W(4)
LLP5
W(5)
LLP6
W(6)
LLP7
W(7)
LLP8
W(8)
LLP9
W(9)
LLP10
W(10)
LLP11
W(11)
LLP12
W(12)
LLP13
W(13)
LLP14
W(14)
LLP15
W(15)
LLP16
W(16)
LLP17
W(17)
LLP18
W(18)
LLP19
W(19)
LLP20
W(20)
LLP21
W(21)
LLP22
W(22)
LLP23
W(23)
LLP24
W(24)
LLP25
W(25)
LLP26
W(26)
LLP27
W(27)
LLP28
W(28)
LLP29
W(29)
LLP30
W(30)
LLP31
W(31)
LLP32
W(32)
LLP33
W(33)
LLP34
W(34)
LLP35
W(35)
LLP36
W(36)
LLP37
W(37)
LLP38
W(38)
LLP39
W(39)
LLP40
W(40)
LLP41
W(41)
LLP42
W(42)
LLP43
W(43)
LLP44
W(44)
LLP45
W(45)
LLP46
W(46)
LLP47
W(47)
LLP48
W(48)
LLP49
W(49)
LLP50
W(50)
LLP51
W(51)
LLP52
W(52)
LLP53
W(53)
LLP54
W(54)
LLP55
W(55)
LLP56
W(56)
LLP57
W(57)
LLP58
W(58)
LLP59
W(59)
LLP60
W(60)
TotalRightLP
Y(0)
RLP1
Y(1)
RLP2
Y(2)
RLP3
Y(3)
RLP4
Y(4)
RLP5
Y(5)
RLP6
Y(6)
RLP7
Y(7)
RLP8
Y(8)
RLP9
Y(9)
RLP10
Y(10)
RLP11
Y(11)
RLP12
Y(12)
RLP13
Y(13)
RLP14
Y(14)
RLP15
Y(15)
RLP16
Y(16)
RLP17
Y(17)
RLP18
Y(18)
RLP19
Y(19)
RLP20
Y(20)
RLP21
Y(21)
RLP22
Y(22)
RLP23
Y(23)
RLP24
Y(24)
RLP25
Y(25)
RLP26
Y(26)
RLP27
Y(27)
RLP28
Y(28)
RLP29
Y(29)
RLP30
Y(30)
RLP31
Y(31)
RLP32
Y(32)
RLP33
Y(33)
RLP34
Y(34)
RLP35
Y(35)
RLP36
Y(36)
RLP37
Y(37)
RLP38
Y(38)
RLP39
Y(39)
RLP40
Y(40)
RLP41
Y(41)
RLP42
Y(42)
RLP43
Y(43)
RLP44
Y(44)
RLP45
Y(45)
RLP46
Y(46)
RLP47
Y(47)
RLP48
Y(48)
RLP49
Y(49)
RLP50
Y(50)
RLP51
Y(51)
RLP52
Y(52)
RLP53
Y(53)
RLP54
Y(54)
RLP55
Y(55)
RLP56
Y(56)
RLP57
Y(57)
RLP58
Y(58)
RLP59
Y(59)
RLP60
Y(60)
TotalMag
Z(0)
Mag1
Z(1)
Mag2
Z(2)
Mag3
Z(3)
Mag4
Z(4)
Mag5
Z(5)
Mag6
Z(6)
Mag7
Z(7)
Mag8
Z(8)
Mag9
Z(9)
Mag10
Z(10)
Mag11
Z(11)
Mag12
Z(12)
Mag13
Z(13)
Mag14
Z(14)
Mag15
Z(15)
Mag16
Z(16)
Mag17
Z(17)
Mag18
Z(18)
Mag19
Z(19)
Mag20
Z(20)
Mag21
Z(21)
Mag22
Z(22)
Mag23
Z(23)
Mag24
Z(24)
Mag25
Z(25)
Mag26
Z(26)
Mag27
Z(27)
Mag28
Z(28)
Mag29
Z(29)
Mag30
Z(30)
Mag31
Z(31)
Mag32
Z(32)
Mag33
Z(33)
Mag34
Z(34)
Mag35
Z(35)
Mag36
Z(36)
Mag37
Z(37)
Mag38
Z(38)
Mag39
Z(39)
Mag40
Z(40)
Mag41
Z(41)
Mag42
Z(42)
Mag43
Z(43)
Mag44
Z(44)
Mag45
Z(45)
Mag46
Z(46)
Mag47
Z(47)
Mag48
Z(48)
Mag49
Z(49)
Mag50
Z(50)
Mag51
Z(51)
Mag52
Z(52)
Mag53
Z(53)
Mag54
Z(54)
Mag55
Z(55)
Mag56
Z(56)
Mag57
Z(57)
Mag58
Z(58)
Mag59
Z(59)
Mag60
Z(60)
