Subject
Subject
StartDate
!StartDate
StartTime
!StartTime
Experiment
Experiment
Group
Group
Box
Box
Program
MSN
Version doi:10.6084/m9.figshare.3145294
z(4)
Session Length (min)
Z(0)
No. of Timebins
Z(1)
Variable Interval Schedule
Z(2)
Active Lever
Z(3)
Lever Presses
A(0)
Pellets Delivered
A(1)
Magazine Entries
A(2)
Latency to first lever press
A(3)
Latency to first pellet
A(4)
Latency to first Lever Presses
A(5)
Lever Presses min  1
D(0)
Lever Presses min  2
D(1)
Lever Presses min  3
D(2)
Lever Presses min  4
D(3)
Lever Presses min  5
D(4)
Lever Presses min  6
D(5)
Lever Presses min  7
D(6)
Lever Presses min  8
D(7)
Lever Presses min  9
D(8)
Lever Presses min  10
D(9)
Lever Presses min  11
D(10)
Lever Presses min  12
D(11)
Lever Presses min  13
D(12)
Lever Presses min  14
D(13)
Lever Presses min  15
D(14)
Lever Presses min  16
D(15)
Lever Presses min  17
D(16)
Lever Presses min  18
D(17)
Lever Presses min  19
D(18)
Lever Presses min  20
D(19)
Lever Presses min  21
D(20)
Lever Presses min  22
D(21)
Lever Presses min  23
D(22)
Lever Presses min  24
D(23)
Lever Presses min  25
D(24)
Lever Presses min  26
D(25)
Lever Presses min  27
D(26)
Lever Presses min  28
D(27)
Lever Presses min  29
D(28)
Lever Presses min  30
D(29)
Reward min  1
E(0)
Reward min  2
E(1)
Reward min  3
E(2)
Reward min  4
E(3)
Reward min  5
E(4)
Reward min  6
E(5)
Reward min  7
E(6)
Reward min  8
E(7)
Reward min  9
E(8)
Reward min  10
E(9)
Reward min  11
E(10)
Reward min  12
E(11)
Reward min  13
E(12)
Reward min  14
E(13)
Reward min  15
E(14)
Reward min  16
E(15)
Reward min  17
E(16)
Reward min  18
E(17)
Reward min  19
E(18)
Reward min  20
E(19)
Reward min  21
E(20)
Reward min  22
E(21)
Reward min  23
E(22)
Reward min  24
E(23)
Reward min  25
E(24)
Reward min  26
E(25)
Reward min  27
E(26)
Reward min  28
E(27)
Reward min  29
E(28)
Reward min  30
E(29)
Magazine Entries min  1
F(0)
Magazine Entries min  2
F(1)
Magazine Entries min  3
F(2)
Magazine Entries min  4
F(3)
Magazine Entries min  5
F(4)
Magazine Entries min  6
F(5)
Magazine Entries min  7
F(6)
Magazine Entries min  8
F(7)
Magazine Entries min  9
F(8)
Magazine Entries min  10
F(9)
Magazine Entries min  11
F(10)
Magazine Entries min  12
F(11)
Magazine Entries min  13
F(12)
Magazine Entries min  14
F(13)
Magazine Entries min  15
F(14)
Magazine Entries min  16
F(15)
Magazine Entries min  17
F(16)
Magazine Entries min  18
F(17)
Magazine Entries min  19
F(18)
Magazine Entries min  20
F(19)
Magazine Entries min  21
F(20)
Magazine Entries min  22
F(21)
Magazine Entries min  23
F(22)
Magazine Entries min  24
F(23)
Magazine Entries min  25
F(24)
Magazine Entries min  26
F(25)
Magazine Entries min  27
F(26)
Magazine Entries min  28
F(27)
Magazine Entries min  29
F(28)
Magazine Entries min  30
F(29)
